[2021-05-27 18:13:59,120] {taskinstance.py:876} INFO - Dependencies all met for <TaskInstance: dag_transfers_scraping.load_transfers_CSV_to_S3 2021-05-26T14:00:00+00:00 [queued]>
[2021-05-27 18:13:59,166] {taskinstance.py:876} INFO - Dependencies all met for <TaskInstance: dag_transfers_scraping.load_transfers_CSV_to_S3 2021-05-26T14:00:00+00:00 [queued]>
[2021-05-27 18:13:59,167] {taskinstance.py:1067} INFO - 
--------------------------------------------------------------------------------
[2021-05-27 18:13:59,167] {taskinstance.py:1068} INFO - Starting attempt 1 of 1
[2021-05-27 18:13:59,167] {taskinstance.py:1069} INFO - 
--------------------------------------------------------------------------------
[2021-05-27 18:13:59,180] {taskinstance.py:1087} INFO - Executing <Task(PythonOperator): load_transfers_CSV_to_S3> on 2021-05-26T14:00:00+00:00
[2021-05-27 18:13:59,192] {standard_task_runner.py:52} INFO - Started process 97435 to run task
[2021-05-27 18:13:59,202] {standard_task_runner.py:76} INFO - Running: ['***', 'tasks', 'run', 'dag_transfers_scraping', 'load_transfers_CSV_to_S3', '2021-05-26T14:00:00+00:00', '--job-id', '111', '--pool', 'default_pool', '--raw', '--subdir', 'DAGS_FOLDER/dag_transfers_scraping.py', '--cfg-path', '/tmp/tmp1y2t_k6l', '--error-file', '/tmp/tmpq3exdyjh']
[2021-05-27 18:13:59,203] {standard_task_runner.py:77} INFO - Job 111: Subtask load_transfers_CSV_to_S3
[2021-05-27 18:13:59,380] {logging_mixin.py:104} INFO - Running <TaskInstance: dag_transfers_scraping.load_transfers_CSV_to_S3 2021-05-26T14:00:00+00:00 [running]> on host f7393dd572fa
[2021-05-27 18:13:59,568] {taskinstance.py:1282} INFO - Exporting the following env vars:
AIRFLOW_CTX_DAG_OWNER=***
AIRFLOW_CTX_DAG_ID=dag_transfers_scraping
AIRFLOW_CTX_TASK_ID=load_transfers_CSV_to_S3
AIRFLOW_CTX_EXECUTION_DATE=2021-05-26T14:00:00+00:00
AIRFLOW_CTX_DAG_RUN_ID=scheduled__2021-05-26T14:00:00+00:00
[2021-05-27 18:13:59,571] {python.py:151} INFO - Done. Returned value was: None
[2021-05-27 18:13:59,608] {taskinstance.py:1191} INFO - Marking task as SUCCESS. dag_id=dag_transfers_scraping, task_id=load_transfers_CSV_to_S3, execution_date=20210526T140000, start_date=20210527T181359, end_date=20210527T181359
[2021-05-27 18:13:59,691] {taskinstance.py:1245} INFO - 1 downstream tasks scheduled from follow-on schedule check
[2021-05-27 18:13:59,755] {local_task_job.py:151} INFO - Task exited with return code 0
