[2021-05-27 18:14:01,498] {taskinstance.py:876} INFO - Dependencies all met for <TaskInstance: dag_transfers_scraping.delete_local_CSV_files 2021-05-26T14:00:00+00:00 [queued]>
[2021-05-27 18:14:01,513] {taskinstance.py:876} INFO - Dependencies all met for <TaskInstance: dag_transfers_scraping.delete_local_CSV_files 2021-05-26T14:00:00+00:00 [queued]>
[2021-05-27 18:14:01,514] {taskinstance.py:1067} INFO - 
--------------------------------------------------------------------------------
[2021-05-27 18:14:01,514] {taskinstance.py:1068} INFO - Starting attempt 1 of 1
[2021-05-27 18:14:01,514] {taskinstance.py:1069} INFO - 
--------------------------------------------------------------------------------
[2021-05-27 18:14:01,521] {taskinstance.py:1087} INFO - Executing <Task(PythonOperator): delete_local_CSV_files> on 2021-05-26T14:00:00+00:00
[2021-05-27 18:14:01,526] {standard_task_runner.py:52} INFO - Started process 97458 to run task
[2021-05-27 18:14:01,529] {standard_task_runner.py:76} INFO - Running: ['***', 'tasks', 'run', 'dag_transfers_scraping', 'delete_local_CSV_files', '2021-05-26T14:00:00+00:00', '--job-id', '125', '--pool', 'default_pool', '--raw', '--subdir', 'DAGS_FOLDER/dag_transfers_scraping.py', '--cfg-path', '/tmp/tmpl76mali3', '--error-file', '/tmp/tmp14z_1iyi']
[2021-05-27 18:14:01,530] {standard_task_runner.py:77} INFO - Job 125: Subtask delete_local_CSV_files
[2021-05-27 18:14:01,561] {logging_mixin.py:104} INFO - Running <TaskInstance: dag_transfers_scraping.delete_local_CSV_files 2021-05-26T14:00:00+00:00 [running]> on host f7393dd572fa
[2021-05-27 18:14:01,599] {taskinstance.py:1282} INFO - Exporting the following env vars:
AIRFLOW_CTX_DAG_OWNER=***
AIRFLOW_CTX_DAG_ID=dag_transfers_scraping
AIRFLOW_CTX_TASK_ID=delete_local_CSV_files
AIRFLOW_CTX_EXECUTION_DATE=2021-05-26T14:00:00+00:00
AIRFLOW_CTX_DAG_RUN_ID=scheduled__2021-05-26T14:00:00+00:00
[2021-05-27 18:14:01,600] {python.py:151} INFO - Done. Returned value was: None
[2021-05-27 18:14:01,606] {taskinstance.py:1191} INFO - Marking task as SUCCESS. dag_id=dag_transfers_scraping, task_id=delete_local_CSV_files, execution_date=20210526T140000, start_date=20210527T181401, end_date=20210527T181401
[2021-05-27 18:14:01,628] {taskinstance.py:1245} INFO - 1 downstream tasks scheduled from follow-on schedule check
[2021-05-27 18:14:01,660] {local_task_job.py:151} INFO - Task exited with return code 0
