[2021-05-27 12:31:27,807] {taskinstance.py:876} INFO - Dependencies all met for <TaskInstance: dag_transfers_scraping.send_transfers_file_to_S3 2021-05-27T12:31:22.639334+00:00 [queued]>
[2021-05-27 12:31:27,819] {taskinstance.py:876} INFO - Dependencies all met for <TaskInstance: dag_transfers_scraping.send_transfers_file_to_S3 2021-05-27T12:31:22.639334+00:00 [queued]>
[2021-05-27 12:31:27,820] {taskinstance.py:1067} INFO - 
--------------------------------------------------------------------------------
[2021-05-27 12:31:27,820] {taskinstance.py:1068} INFO - Starting attempt 1 of 1
[2021-05-27 12:31:27,820] {taskinstance.py:1069} INFO - 
--------------------------------------------------------------------------------
[2021-05-27 12:31:27,826] {taskinstance.py:1087} INFO - Executing <Task(PythonOperator): send_transfers_file_to_S3> on 2021-05-27T12:31:22.639334+00:00
[2021-05-27 12:31:27,832] {standard_task_runner.py:52} INFO - Started process 67449 to run task
[2021-05-27 12:31:27,835] {standard_task_runner.py:76} INFO - Running: ['***', 'tasks', 'run', 'dag_transfers_scraping', 'send_transfers_file_to_S3', '2021-05-27T12:31:22.639334+00:00', '--job-id', '59', '--pool', 'default_pool', '--raw', '--subdir', 'DAGS_FOLDER/dag_transfers_scraping.py', '--cfg-path', '/tmp/tmpvy70aqw0', '--error-file', '/tmp/tmpb9kaukir']
[2021-05-27 12:31:27,835] {standard_task_runner.py:77} INFO - Job 59: Subtask send_transfers_file_to_S3
[2021-05-27 12:31:27,864] {logging_mixin.py:104} INFO - Running <TaskInstance: dag_transfers_scraping.send_transfers_file_to_S3 2021-05-27T12:31:22.639334+00:00 [running]> on host f7393dd572fa
[2021-05-27 12:31:27,900] {taskinstance.py:1282} INFO - Exporting the following env vars:
AIRFLOW_CTX_DAG_OWNER=***
AIRFLOW_CTX_DAG_ID=dag_transfers_scraping
AIRFLOW_CTX_TASK_ID=send_transfers_file_to_S3
AIRFLOW_CTX_EXECUTION_DATE=2021-05-27T12:31:22.639334+00:00
AIRFLOW_CTX_DAG_RUN_ID=manual__2021-05-27T12:31:22.639334+00:00
[2021-05-27 12:31:27,901] {python.py:151} INFO - Done. Returned value was: None
[2021-05-27 12:31:27,908] {taskinstance.py:1191} INFO - Marking task as SUCCESS. dag_id=dag_transfers_scraping, task_id=send_transfers_file_to_S3, execution_date=20210527T123122, start_date=20210527T123127, end_date=20210527T123127
[2021-05-27 12:31:27,928] {taskinstance.py:1245} INFO - 1 downstream tasks scheduled from follow-on schedule check
[2021-05-27 12:31:27,965] {local_task_job.py:151} INFO - Task exited with return code 0
