[2021-05-27 18:14:24,936] {taskinstance.py:876} INFO - Dependencies all met for <TaskInstance: dag_transfers_scraping.scrape_transfers 2021-05-27T07:00:00+00:00 [queued]>
[2021-05-27 18:14:25,003] {taskinstance.py:876} INFO - Dependencies all met for <TaskInstance: dag_transfers_scraping.scrape_transfers 2021-05-27T07:00:00+00:00 [queued]>
[2021-05-27 18:14:25,004] {taskinstance.py:1067} INFO - 
--------------------------------------------------------------------------------
[2021-05-27 18:14:25,004] {taskinstance.py:1068} INFO - Starting attempt 1 of 1
[2021-05-27 18:14:25,005] {taskinstance.py:1069} INFO - 
--------------------------------------------------------------------------------
[2021-05-27 18:14:25,016] {taskinstance.py:1087} INFO - Executing <Task(PythonOperator): scrape_transfers> on 2021-05-27T07:00:00+00:00
[2021-05-27 18:14:25,024] {standard_task_runner.py:52} INFO - Started process 97527 to run task
[2021-05-27 18:14:25,031] {standard_task_runner.py:76} INFO - Running: ['***', 'tasks', 'run', 'dag_transfers_scraping', 'scrape_transfers', '2021-05-27T07:00:00+00:00', '--job-id', '140', '--pool', 'default_pool', '--raw', '--subdir', 'DAGS_FOLDER/dag_transfers_scraping.py', '--cfg-path', '/tmp/tmpck9uvlzy', '--error-file', '/tmp/tmp_k83hg8_']
[2021-05-27 18:14:25,032] {standard_task_runner.py:77} INFO - Job 140: Subtask scrape_transfers
[2021-05-27 18:14:25,084] {logging_mixin.py:104} INFO - Running <TaskInstance: dag_transfers_scraping.scrape_transfers 2021-05-27T07:00:00+00:00 [running]> on host f7393dd572fa
[2021-05-27 18:14:25,196] {taskinstance.py:1282} INFO - Exporting the following env vars:
AIRFLOW_CTX_DAG_OWNER=***
AIRFLOW_CTX_DAG_ID=dag_transfers_scraping
AIRFLOW_CTX_TASK_ID=scrape_transfers
AIRFLOW_CTX_EXECUTION_DATE=2021-05-27T07:00:00+00:00
AIRFLOW_CTX_DAG_RUN_ID=scheduled__2021-05-27T07:00:00+00:00
[2021-05-27 18:14:28,141] {python.py:151} INFO - Done. Returned value was: None
[2021-05-27 18:14:28,170] {taskinstance.py:1191} INFO - Marking task as SUCCESS. dag_id=dag_transfers_scraping, task_id=scrape_transfers, execution_date=20210527T070000, start_date=20210527T181424, end_date=20210527T181428
[2021-05-27 18:14:28,244] {taskinstance.py:1245} INFO - 1 downstream tasks scheduled from follow-on schedule check
[2021-05-27 18:14:28,267] {local_task_job.py:151} INFO - Task exited with return code 0
