[2021-05-24 17:11:24,484] {scheduler_job.py:182} INFO - Started process (PID=656) to work on /opt/airflow/dags/scripts/local_to_s3.py
[2021-05-24 17:11:24,485] {scheduler_job.py:633} INFO - Processing file /opt/airflow/dags/scripts/local_to_s3.py for tasks to queue
[2021-05-24 17:11:24,485] {logging_mixin.py:104} INFO - [2021-05-24 17:11:24,485] {dagbag.py:487} INFO - Filling up the DagBag from /opt/airflow/dags/scripts/local_to_s3.py
[2021-05-24 17:11:24,564] {scheduler_job.py:645} WARNING - No viable dags retrieved from /opt/airflow/dags/scripts/local_to_s3.py
[2021-05-24 17:11:24,574] {scheduler_job.py:190} INFO - Processing /opt/airflow/dags/scripts/local_to_s3.py took 0.092 seconds
[2021-05-24 17:11:45,335] {scheduler_job.py:182} INFO - Started process (PID=728) to work on /opt/airflow/dags/scripts/local_to_s3.py
[2021-05-24 17:11:45,337] {scheduler_job.py:633} INFO - Processing file /opt/airflow/dags/scripts/local_to_s3.py for tasks to queue
[2021-05-24 17:11:45,338] {logging_mixin.py:104} INFO - [2021-05-24 17:11:45,338] {dagbag.py:487} INFO - Filling up the DagBag from /opt/airflow/dags/scripts/local_to_s3.py
[2021-05-24 17:11:45,441] {scheduler_job.py:645} WARNING - No viable dags retrieved from /opt/airflow/dags/scripts/local_to_s3.py
[2021-05-24 17:11:45,452] {scheduler_job.py:190} INFO - Processing /opt/airflow/dags/scripts/local_to_s3.py took 0.121 seconds
[2021-05-24 17:11:50,393] {scheduler_job.py:182} INFO - Started process (PID=774) to work on /opt/airflow/dags/scripts/local_to_s3.py
[2021-05-24 17:11:50,395] {scheduler_job.py:633} INFO - Processing file /opt/airflow/dags/scripts/local_to_s3.py for tasks to queue
[2021-05-24 17:11:50,396] {logging_mixin.py:104} INFO - [2021-05-24 17:11:50,396] {dagbag.py:487} INFO - Filling up the DagBag from /opt/airflow/dags/scripts/local_to_s3.py
[2021-05-24 17:11:50,510] {scheduler_job.py:645} WARNING - No viable dags retrieved from /opt/airflow/dags/scripts/local_to_s3.py
[2021-05-24 17:11:50,518] {scheduler_job.py:190} INFO - Processing /opt/airflow/dags/scripts/local_to_s3.py took 0.129 seconds
[2021-05-24 17:11:55,716] {scheduler_job.py:182} INFO - Started process (PID=818) to work on /opt/airflow/dags/scripts/local_to_s3.py
[2021-05-24 17:11:55,717] {scheduler_job.py:633} INFO - Processing file /opt/airflow/dags/scripts/local_to_s3.py for tasks to queue
[2021-05-24 17:11:55,718] {logging_mixin.py:104} INFO - [2021-05-24 17:11:55,718] {dagbag.py:487} INFO - Filling up the DagBag from /opt/airflow/dags/scripts/local_to_s3.py
[2021-05-24 17:11:55,805] {scheduler_job.py:645} WARNING - No viable dags retrieved from /opt/airflow/dags/scripts/local_to_s3.py
[2021-05-24 17:11:55,814] {scheduler_job.py:190} INFO - Processing /opt/airflow/dags/scripts/local_to_s3.py took 0.100 seconds
[2021-05-24 17:11:59,410] {scheduler_job.py:182} INFO - Started process (PID=853) to work on /opt/airflow/dags/scripts/local_to_s3.py
[2021-05-24 17:11:59,411] {scheduler_job.py:633} INFO - Processing file /opt/airflow/dags/scripts/local_to_s3.py for tasks to queue
[2021-05-24 17:11:59,411] {logging_mixin.py:104} INFO - [2021-05-24 17:11:59,411] {dagbag.py:487} INFO - Filling up the DagBag from /opt/airflow/dags/scripts/local_to_s3.py
[2021-05-24 17:11:59,484] {scheduler_job.py:645} WARNING - No viable dags retrieved from /opt/airflow/dags/scripts/local_to_s3.py
[2021-05-24 17:11:59,493] {scheduler_job.py:190} INFO - Processing /opt/airflow/dags/scripts/local_to_s3.py took 0.084 seconds
[2021-05-24 17:12:29,675] {scheduler_job.py:182} INFO - Started process (PID=938) to work on /opt/airflow/dags/scripts/local_to_s3.py
[2021-05-24 17:12:29,677] {scheduler_job.py:633} INFO - Processing file /opt/airflow/dags/scripts/local_to_s3.py for tasks to queue
[2021-05-24 17:12:29,678] {logging_mixin.py:104} INFO - [2021-05-24 17:12:29,678] {dagbag.py:487} INFO - Filling up the DagBag from /opt/airflow/dags/scripts/local_to_s3.py
[2021-05-24 17:12:29,895] {scheduler_job.py:645} WARNING - No viable dags retrieved from /opt/airflow/dags/scripts/local_to_s3.py
[2021-05-24 17:12:29,919] {scheduler_job.py:190} INFO - Processing /opt/airflow/dags/scripts/local_to_s3.py took 0.249 seconds
[2021-05-24 17:12:49,436] {scheduler_job.py:182} INFO - Started process (PID=32) to work on /opt/airflow/dags/scripts/local_to_s3.py
[2021-05-24 17:12:49,437] {scheduler_job.py:633} INFO - Processing file /opt/airflow/dags/scripts/local_to_s3.py for tasks to queue
[2021-05-24 17:12:49,438] {logging_mixin.py:104} INFO - [2021-05-24 17:12:49,438] {dagbag.py:487} INFO - Filling up the DagBag from /opt/airflow/dags/scripts/local_to_s3.py
[2021-05-24 17:12:49,767] {scheduler_job.py:645} WARNING - No viable dags retrieved from /opt/airflow/dags/scripts/local_to_s3.py
[2021-05-24 17:12:49,779] {scheduler_job.py:190} INFO - Processing /opt/airflow/dags/scripts/local_to_s3.py took 0.345 seconds
[2021-05-24 17:13:20,054] {scheduler_job.py:182} INFO - Started process (PID=117) to work on /opt/airflow/dags/scripts/local_to_s3.py
[2021-05-24 17:13:20,055] {scheduler_job.py:633} INFO - Processing file /opt/airflow/dags/scripts/local_to_s3.py for tasks to queue
[2021-05-24 17:13:20,055] {logging_mixin.py:104} INFO - [2021-05-24 17:13:20,055] {dagbag.py:487} INFO - Filling up the DagBag from /opt/airflow/dags/scripts/local_to_s3.py
[2021-05-24 17:13:20,159] {scheduler_job.py:645} WARNING - No viable dags retrieved from /opt/airflow/dags/scripts/local_to_s3.py
[2021-05-24 17:13:20,168] {scheduler_job.py:190} INFO - Processing /opt/airflow/dags/scripts/local_to_s3.py took 0.117 seconds
[2021-05-24 17:13:50,513] {scheduler_job.py:182} INFO - Started process (PID=184) to work on /opt/airflow/dags/scripts/local_to_s3.py
[2021-05-24 17:13:50,513] {scheduler_job.py:633} INFO - Processing file /opt/airflow/dags/scripts/local_to_s3.py for tasks to queue
[2021-05-24 17:13:50,514] {logging_mixin.py:104} INFO - [2021-05-24 17:13:50,514] {dagbag.py:487} INFO - Filling up the DagBag from /opt/airflow/dags/scripts/local_to_s3.py
[2021-05-24 17:13:50,602] {scheduler_job.py:645} WARNING - No viable dags retrieved from /opt/airflow/dags/scripts/local_to_s3.py
[2021-05-24 17:13:50,613] {scheduler_job.py:190} INFO - Processing /opt/airflow/dags/scripts/local_to_s3.py took 0.103 seconds
[2021-05-24 17:14:20,849] {scheduler_job.py:182} INFO - Started process (PID=268) to work on /opt/airflow/dags/scripts/local_to_s3.py
[2021-05-24 17:14:20,851] {scheduler_job.py:633} INFO - Processing file /opt/airflow/dags/scripts/local_to_s3.py for tasks to queue
[2021-05-24 17:14:20,852] {logging_mixin.py:104} INFO - [2021-05-24 17:14:20,851] {dagbag.py:487} INFO - Filling up the DagBag from /opt/airflow/dags/scripts/local_to_s3.py
[2021-05-24 17:14:20,937] {scheduler_job.py:645} WARNING - No viable dags retrieved from /opt/airflow/dags/scripts/local_to_s3.py
[2021-05-24 17:14:20,947] {scheduler_job.py:190} INFO - Processing /opt/airflow/dags/scripts/local_to_s3.py took 0.104 seconds
[2021-05-24 17:14:51,721] {scheduler_job.py:182} INFO - Started process (PID=335) to work on /opt/airflow/dags/scripts/local_to_s3.py
[2021-05-24 17:14:51,723] {scheduler_job.py:633} INFO - Processing file /opt/airflow/dags/scripts/local_to_s3.py for tasks to queue
[2021-05-24 17:14:51,723] {logging_mixin.py:104} INFO - [2021-05-24 17:14:51,723] {dagbag.py:487} INFO - Filling up the DagBag from /opt/airflow/dags/scripts/local_to_s3.py
[2021-05-24 17:14:51,804] {scheduler_job.py:645} WARNING - No viable dags retrieved from /opt/airflow/dags/scripts/local_to_s3.py
[2021-05-24 17:14:51,813] {scheduler_job.py:190} INFO - Processing /opt/airflow/dags/scripts/local_to_s3.py took 0.098 seconds
[2021-05-24 17:15:21,955] {scheduler_job.py:182} INFO - Started process (PID=419) to work on /opt/airflow/dags/scripts/local_to_s3.py
[2021-05-24 17:15:21,957] {scheduler_job.py:633} INFO - Processing file /opt/airflow/dags/scripts/local_to_s3.py for tasks to queue
[2021-05-24 17:15:21,959] {logging_mixin.py:104} INFO - [2021-05-24 17:15:21,958] {dagbag.py:487} INFO - Filling up the DagBag from /opt/airflow/dags/scripts/local_to_s3.py
[2021-05-24 17:15:22,049] {scheduler_job.py:645} WARNING - No viable dags retrieved from /opt/airflow/dags/scripts/local_to_s3.py
[2021-05-24 17:15:22,057] {scheduler_job.py:190} INFO - Processing /opt/airflow/dags/scripts/local_to_s3.py took 0.109 seconds
[2021-05-24 17:15:52,472] {scheduler_job.py:182} INFO - Started process (PID=487) to work on /opt/airflow/dags/scripts/local_to_s3.py
[2021-05-24 17:15:52,473] {scheduler_job.py:633} INFO - Processing file /opt/airflow/dags/scripts/local_to_s3.py for tasks to queue
[2021-05-24 17:15:52,474] {logging_mixin.py:104} INFO - [2021-05-24 17:15:52,474] {dagbag.py:487} INFO - Filling up the DagBag from /opt/airflow/dags/scripts/local_to_s3.py
[2021-05-24 17:15:52,601] {scheduler_job.py:645} WARNING - No viable dags retrieved from /opt/airflow/dags/scripts/local_to_s3.py
[2021-05-24 17:15:52,614] {scheduler_job.py:190} INFO - Processing /opt/airflow/dags/scripts/local_to_s3.py took 0.149 seconds
[2021-05-24 17:16:23,107] {scheduler_job.py:182} INFO - Started process (PID=572) to work on /opt/airflow/dags/scripts/local_to_s3.py
[2021-05-24 17:16:23,108] {scheduler_job.py:633} INFO - Processing file /opt/airflow/dags/scripts/local_to_s3.py for tasks to queue
[2021-05-24 17:16:23,109] {logging_mixin.py:104} INFO - [2021-05-24 17:16:23,109] {dagbag.py:487} INFO - Filling up the DagBag from /opt/airflow/dags/scripts/local_to_s3.py
[2021-05-24 17:16:23,199] {scheduler_job.py:645} WARNING - No viable dags retrieved from /opt/airflow/dags/scripts/local_to_s3.py
[2021-05-24 17:16:23,209] {scheduler_job.py:190} INFO - Processing /opt/airflow/dags/scripts/local_to_s3.py took 0.106 seconds
[2021-05-24 17:16:53,989] {scheduler_job.py:182} INFO - Started process (PID=640) to work on /opt/airflow/dags/scripts/local_to_s3.py
[2021-05-24 17:16:53,990] {scheduler_job.py:633} INFO - Processing file /opt/airflow/dags/scripts/local_to_s3.py for tasks to queue
[2021-05-24 17:16:53,990] {logging_mixin.py:104} INFO - [2021-05-24 17:16:53,990] {dagbag.py:487} INFO - Filling up the DagBag from /opt/airflow/dags/scripts/local_to_s3.py
[2021-05-24 17:16:54,107] {scheduler_job.py:645} WARNING - No viable dags retrieved from /opt/airflow/dags/scripts/local_to_s3.py
[2021-05-24 17:16:54,119] {scheduler_job.py:190} INFO - Processing /opt/airflow/dags/scripts/local_to_s3.py took 0.133 seconds
[2021-05-24 17:17:25,025] {scheduler_job.py:182} INFO - Started process (PID=725) to work on /opt/airflow/dags/scripts/local_to_s3.py
[2021-05-24 17:17:25,027] {scheduler_job.py:633} INFO - Processing file /opt/airflow/dags/scripts/local_to_s3.py for tasks to queue
[2021-05-24 17:17:25,028] {logging_mixin.py:104} INFO - [2021-05-24 17:17:25,028] {dagbag.py:487} INFO - Filling up the DagBag from /opt/airflow/dags/scripts/local_to_s3.py
[2021-05-24 17:17:25,145] {scheduler_job.py:645} WARNING - No viable dags retrieved from /opt/airflow/dags/scripts/local_to_s3.py
[2021-05-24 17:17:25,156] {scheduler_job.py:190} INFO - Processing /opt/airflow/dags/scripts/local_to_s3.py took 0.134 seconds
[2021-05-24 17:17:55,527] {scheduler_job.py:182} INFO - Started process (PID=800) to work on /opt/airflow/dags/scripts/local_to_s3.py
[2021-05-24 17:17:55,528] {scheduler_job.py:633} INFO - Processing file /opt/airflow/dags/scripts/local_to_s3.py for tasks to queue
[2021-05-24 17:17:55,529] {logging_mixin.py:104} INFO - [2021-05-24 17:17:55,529] {dagbag.py:487} INFO - Filling up the DagBag from /opt/airflow/dags/scripts/local_to_s3.py
[2021-05-24 17:17:55,617] {scheduler_job.py:645} WARNING - No viable dags retrieved from /opt/airflow/dags/scripts/local_to_s3.py
[2021-05-24 17:17:55,648] {scheduler_job.py:190} INFO - Processing /opt/airflow/dags/scripts/local_to_s3.py took 0.124 seconds
[2021-05-24 17:18:26,239] {scheduler_job.py:182} INFO - Started process (PID=878) to work on /opt/airflow/dags/scripts/local_to_s3.py
[2021-05-24 17:18:26,241] {scheduler_job.py:633} INFO - Processing file /opt/airflow/dags/scripts/local_to_s3.py for tasks to queue
[2021-05-24 17:18:26,241] {logging_mixin.py:104} INFO - [2021-05-24 17:18:26,241] {dagbag.py:487} INFO - Filling up the DagBag from /opt/airflow/dags/scripts/local_to_s3.py
[2021-05-24 17:18:26,340] {scheduler_job.py:645} WARNING - No viable dags retrieved from /opt/airflow/dags/scripts/local_to_s3.py
[2021-05-24 17:18:26,349] {scheduler_job.py:190} INFO - Processing /opt/airflow/dags/scripts/local_to_s3.py took 0.112 seconds
[2021-05-24 17:18:56,746] {scheduler_job.py:182} INFO - Started process (PID=963) to work on /opt/airflow/dags/scripts/local_to_s3.py
[2021-05-24 17:18:56,747] {scheduler_job.py:633} INFO - Processing file /opt/airflow/dags/scripts/local_to_s3.py for tasks to queue
[2021-05-24 17:18:56,748] {logging_mixin.py:104} INFO - [2021-05-24 17:18:56,748] {dagbag.py:487} INFO - Filling up the DagBag from /opt/airflow/dags/scripts/local_to_s3.py
[2021-05-24 17:18:56,886] {scheduler_job.py:645} WARNING - No viable dags retrieved from /opt/airflow/dags/scripts/local_to_s3.py
[2021-05-24 17:18:56,905] {scheduler_job.py:190} INFO - Processing /opt/airflow/dags/scripts/local_to_s3.py took 0.163 seconds
[2021-05-24 17:19:27,432] {scheduler_job.py:182} INFO - Started process (PID=1030) to work on /opt/airflow/dags/scripts/local_to_s3.py
[2021-05-24 17:19:27,434] {scheduler_job.py:633} INFO - Processing file /opt/airflow/dags/scripts/local_to_s3.py for tasks to queue
[2021-05-24 17:19:27,435] {logging_mixin.py:104} INFO - [2021-05-24 17:19:27,435] {dagbag.py:487} INFO - Filling up the DagBag from /opt/airflow/dags/scripts/local_to_s3.py
[2021-05-24 17:19:27,524] {scheduler_job.py:645} WARNING - No viable dags retrieved from /opt/airflow/dags/scripts/local_to_s3.py
[2021-05-24 17:19:27,532] {scheduler_job.py:190} INFO - Processing /opt/airflow/dags/scripts/local_to_s3.py took 0.107 seconds
[2021-05-24 17:19:58,283] {scheduler_job.py:182} INFO - Started process (PID=1115) to work on /opt/airflow/dags/scripts/local_to_s3.py
[2021-05-24 17:19:58,287] {scheduler_job.py:633} INFO - Processing file /opt/airflow/dags/scripts/local_to_s3.py for tasks to queue
[2021-05-24 17:19:58,289] {logging_mixin.py:104} INFO - [2021-05-24 17:19:58,288] {dagbag.py:487} INFO - Filling up the DagBag from /opt/airflow/dags/scripts/local_to_s3.py
[2021-05-24 17:19:58,381] {scheduler_job.py:645} WARNING - No viable dags retrieved from /opt/airflow/dags/scripts/local_to_s3.py
[2021-05-24 17:19:58,390] {scheduler_job.py:190} INFO - Processing /opt/airflow/dags/scripts/local_to_s3.py took 0.114 seconds
[2021-05-24 17:20:28,883] {scheduler_job.py:182} INFO - Started process (PID=1184) to work on /opt/airflow/dags/scripts/local_to_s3.py
[2021-05-24 17:20:28,883] {scheduler_job.py:633} INFO - Processing file /opt/airflow/dags/scripts/local_to_s3.py for tasks to queue
[2021-05-24 17:20:28,884] {logging_mixin.py:104} INFO - [2021-05-24 17:20:28,884] {dagbag.py:487} INFO - Filling up the DagBag from /opt/airflow/dags/scripts/local_to_s3.py
[2021-05-24 17:20:28,974] {scheduler_job.py:645} WARNING - No viable dags retrieved from /opt/airflow/dags/scripts/local_to_s3.py
[2021-05-24 17:20:28,996] {scheduler_job.py:190} INFO - Processing /opt/airflow/dags/scripts/local_to_s3.py took 0.120 seconds
