[2021-05-27 18:14:53,163] {taskinstance.py:876} INFO - Dependencies all met for <TaskInstance: dag_transfers_scraping.scrape_transfers 2021-05-27T11:00:00+00:00 [queued]>
[2021-05-27 18:14:53,196] {taskinstance.py:876} INFO - Dependencies all met for <TaskInstance: dag_transfers_scraping.scrape_transfers 2021-05-27T11:00:00+00:00 [queued]>
[2021-05-27 18:14:53,196] {taskinstance.py:1067} INFO - 
--------------------------------------------------------------------------------
[2021-05-27 18:14:53,196] {taskinstance.py:1068} INFO - Starting attempt 1 of 1
[2021-05-27 18:14:53,197] {taskinstance.py:1069} INFO - 
--------------------------------------------------------------------------------
[2021-05-27 18:14:53,208] {taskinstance.py:1087} INFO - Executing <Task(PythonOperator): scrape_transfers> on 2021-05-27T11:00:00+00:00
[2021-05-27 18:14:53,219] {standard_task_runner.py:52} INFO - Started process 97752 to run task
[2021-05-27 18:14:53,224] {standard_task_runner.py:76} INFO - Running: ['***', 'tasks', 'run', 'dag_transfers_scraping', 'scrape_transfers', '2021-05-27T11:00:00+00:00', '--job-id', '175', '--pool', 'default_pool', '--raw', '--subdir', 'DAGS_FOLDER/dag_transfers_scraping.py', '--cfg-path', '/tmp/tmpf1b1j6rq', '--error-file', '/tmp/tmp6i1hyh9b']
[2021-05-27 18:14:53,224] {standard_task_runner.py:77} INFO - Job 175: Subtask scrape_transfers
[2021-05-27 18:14:53,275] {logging_mixin.py:104} INFO - Running <TaskInstance: dag_transfers_scraping.scrape_transfers 2021-05-27T11:00:00+00:00 [running]> on host f7393dd572fa
[2021-05-27 18:14:53,351] {taskinstance.py:1282} INFO - Exporting the following env vars:
AIRFLOW_CTX_DAG_OWNER=***
AIRFLOW_CTX_DAG_ID=dag_transfers_scraping
AIRFLOW_CTX_TASK_ID=scrape_transfers
AIRFLOW_CTX_EXECUTION_DATE=2021-05-27T11:00:00+00:00
AIRFLOW_CTX_DAG_RUN_ID=scheduled__2021-05-27T11:00:00+00:00
[2021-05-27 18:14:56,007] {python.py:151} INFO - Done. Returned value was: None
[2021-05-27 18:14:56,014] {taskinstance.py:1191} INFO - Marking task as SUCCESS. dag_id=dag_transfers_scraping, task_id=scrape_transfers, execution_date=20210527T110000, start_date=20210527T181453, end_date=20210527T181456
[2021-05-27 18:14:56,037] {taskinstance.py:1245} INFO - 1 downstream tasks scheduled from follow-on schedule check
[2021-05-27 18:14:56,055] {local_task_job.py:151} INFO - Task exited with return code 0
