[2021-05-27 14:15:18,909] {taskinstance.py:876} INFO - Dependencies all met for <TaskInstance: dag_transfers_scraping.remove_local_transfers_file 2021-05-27T14:15:11.940175+00:00 [queued]>
[2021-05-27 14:15:18,932] {taskinstance.py:876} INFO - Dependencies all met for <TaskInstance: dag_transfers_scraping.remove_local_transfers_file 2021-05-27T14:15:11.940175+00:00 [queued]>
[2021-05-27 14:15:18,933] {taskinstance.py:1067} INFO - 
--------------------------------------------------------------------------------
[2021-05-27 14:15:18,933] {taskinstance.py:1068} INFO - Starting attempt 1 of 1
[2021-05-27 14:15:18,933] {taskinstance.py:1069} INFO - 
--------------------------------------------------------------------------------
[2021-05-27 14:15:18,950] {taskinstance.py:1087} INFO - Executing <Task(PythonOperator): remove_local_transfers_file> on 2021-05-27T14:15:11.940175+00:00
[2021-05-27 14:15:18,962] {standard_task_runner.py:52} INFO - Started process 76408 to run task
[2021-05-27 14:15:18,968] {standard_task_runner.py:76} INFO - Running: ['***', 'tasks', 'run', 'dag_transfers_scraping', 'remove_local_transfers_file', '2021-05-27T14:15:11.940175+00:00', '--job-id', '67', '--pool', 'default_pool', '--raw', '--subdir', 'DAGS_FOLDER/dag_transfers_scraping.py', '--cfg-path', '/tmp/tmpl7s7htm5', '--error-file', '/tmp/tmpa_zpwuei']
[2021-05-27 14:15:18,968] {standard_task_runner.py:77} INFO - Job 67: Subtask remove_local_transfers_file
[2021-05-27 14:15:19,004] {logging_mixin.py:104} INFO - Running <TaskInstance: dag_transfers_scraping.remove_local_transfers_file 2021-05-27T14:15:11.940175+00:00 [running]> on host f7393dd572fa
[2021-05-27 14:15:19,040] {taskinstance.py:1282} INFO - Exporting the following env vars:
AIRFLOW_CTX_DAG_OWNER=***
AIRFLOW_CTX_DAG_ID=dag_transfers_scraping
AIRFLOW_CTX_TASK_ID=remove_local_transfers_file
AIRFLOW_CTX_EXECUTION_DATE=2021-05-27T14:15:11.940175+00:00
AIRFLOW_CTX_DAG_RUN_ID=manual__2021-05-27T14:15:11.940175+00:00
[2021-05-27 14:15:19,040] {python.py:151} INFO - Done. Returned value was: None
[2021-05-27 14:15:19,047] {taskinstance.py:1191} INFO - Marking task as SUCCESS. dag_id=dag_transfers_scraping, task_id=remove_local_transfers_file, execution_date=20210527T141511, start_date=20210527T141518, end_date=20210527T141519
[2021-05-27 14:15:19,068] {taskinstance.py:1245} INFO - 1 downstream tasks scheduled from follow-on schedule check
[2021-05-27 14:15:19,097] {local_task_job.py:151} INFO - Task exited with return code 0
