[2021-05-27 18:13:49,361] {taskinstance.py:876} INFO - Dependencies all met for <TaskInstance: dag_transfers_scraping.scrape_transfers 2021-05-26T02:00:00+00:00 [queued]>
[2021-05-27 18:13:49,400] {taskinstance.py:876} INFO - Dependencies all met for <TaskInstance: dag_transfers_scraping.scrape_transfers 2021-05-26T02:00:00+00:00 [queued]>
[2021-05-27 18:13:49,401] {taskinstance.py:1067} INFO - 
--------------------------------------------------------------------------------
[2021-05-27 18:13:49,401] {taskinstance.py:1068} INFO - Starting attempt 1 of 1
[2021-05-27 18:13:49,401] {taskinstance.py:1069} INFO - 
--------------------------------------------------------------------------------
[2021-05-27 18:13:49,414] {taskinstance.py:1087} INFO - Executing <Task(PythonOperator): scrape_transfers> on 2021-05-26T02:00:00+00:00
[2021-05-27 18:13:49,423] {standard_task_runner.py:52} INFO - Started process 97246 to run task
[2021-05-27 18:13:49,432] {standard_task_runner.py:76} INFO - Running: ['***', 'tasks', 'run', 'dag_transfers_scraping', 'scrape_transfers', '2021-05-26T02:00:00+00:00', '--job-id', '81', '--pool', 'default_pool', '--raw', '--subdir', 'DAGS_FOLDER/dag_transfers_scraping.py', '--cfg-path', '/tmp/tmpp7nu078q', '--error-file', '/tmp/tmp80_vhgz0']
[2021-05-27 18:13:49,432] {standard_task_runner.py:77} INFO - Job 81: Subtask scrape_transfers
[2021-05-27 18:13:49,538] {logging_mixin.py:104} INFO - Running <TaskInstance: dag_transfers_scraping.scrape_transfers 2021-05-26T02:00:00+00:00 [running]> on host f7393dd572fa
[2021-05-27 18:13:49,625] {taskinstance.py:1282} INFO - Exporting the following env vars:
AIRFLOW_CTX_DAG_OWNER=***
AIRFLOW_CTX_DAG_ID=dag_transfers_scraping
AIRFLOW_CTX_TASK_ID=scrape_transfers
AIRFLOW_CTX_EXECUTION_DATE=2021-05-26T02:00:00+00:00
AIRFLOW_CTX_DAG_RUN_ID=scheduled__2021-05-26T02:00:00+00:00
[2021-05-27 18:13:52,190] {python.py:151} INFO - Done. Returned value was: None
[2021-05-27 18:13:52,201] {taskinstance.py:1191} INFO - Marking task as SUCCESS. dag_id=dag_transfers_scraping, task_id=scrape_transfers, execution_date=20210526T020000, start_date=20210527T181349, end_date=20210527T181352
[2021-05-27 18:13:52,288] {taskinstance.py:1245} INFO - 1 downstream tasks scheduled from follow-on schedule check
[2021-05-27 18:13:52,327] {local_task_job.py:151} INFO - Task exited with return code 0
