[2021-05-27 18:14:00,462] {taskinstance.py:876} INFO - Dependencies all met for <TaskInstance: dag_transfers_scraping.delete_local_CSV_files 2021-05-26T06:00:00+00:00 [queued]>
[2021-05-27 18:14:00,528] {taskinstance.py:876} INFO - Dependencies all met for <TaskInstance: dag_transfers_scraping.delete_local_CSV_files 2021-05-26T06:00:00+00:00 [queued]>
[2021-05-27 18:14:00,528] {taskinstance.py:1067} INFO - 
--------------------------------------------------------------------------------
[2021-05-27 18:14:00,528] {taskinstance.py:1068} INFO - Starting attempt 1 of 1
[2021-05-27 18:14:00,528] {taskinstance.py:1069} INFO - 
--------------------------------------------------------------------------------
[2021-05-27 18:14:00,540] {taskinstance.py:1087} INFO - Executing <Task(PythonOperator): delete_local_CSV_files> on 2021-05-26T06:00:00+00:00
[2021-05-27 18:14:00,551] {standard_task_runner.py:52} INFO - Started process 97451 to run task
[2021-05-27 18:14:00,577] {standard_task_runner.py:76} INFO - Running: ['***', 'tasks', 'run', 'dag_transfers_scraping', 'delete_local_CSV_files', '2021-05-26T06:00:00+00:00', '--job-id', '117', '--pool', 'default_pool', '--raw', '--subdir', 'DAGS_FOLDER/dag_transfers_scraping.py', '--cfg-path', '/tmp/tmp3nsoo9cy', '--error-file', '/tmp/tmp67m081vu']
[2021-05-27 18:14:00,579] {standard_task_runner.py:77} INFO - Job 117: Subtask delete_local_CSV_files
[2021-05-27 18:14:00,684] {logging_mixin.py:104} INFO - Running <TaskInstance: dag_transfers_scraping.delete_local_CSV_files 2021-05-26T06:00:00+00:00 [running]> on host f7393dd572fa
[2021-05-27 18:14:00,802] {taskinstance.py:1282} INFO - Exporting the following env vars:
AIRFLOW_CTX_DAG_OWNER=***
AIRFLOW_CTX_DAG_ID=dag_transfers_scraping
AIRFLOW_CTX_TASK_ID=delete_local_CSV_files
AIRFLOW_CTX_EXECUTION_DATE=2021-05-26T06:00:00+00:00
AIRFLOW_CTX_DAG_RUN_ID=scheduled__2021-05-26T06:00:00+00:00
[2021-05-27 18:14:00,805] {python.py:151} INFO - Done. Returned value was: None
[2021-05-27 18:14:00,825] {taskinstance.py:1191} INFO - Marking task as SUCCESS. dag_id=dag_transfers_scraping, task_id=delete_local_CSV_files, execution_date=20210526T060000, start_date=20210527T181400, end_date=20210527T181400
[2021-05-27 18:14:00,896] {taskinstance.py:1245} INFO - 1 downstream tasks scheduled from follow-on schedule check
[2021-05-27 18:14:00,941] {local_task_job.py:151} INFO - Task exited with return code 0
