[2021-05-27 18:14:21,364] {taskinstance.py:876} INFO - Dependencies all met for <TaskInstance: dag_transfers_scraping.scrape_transfers 2021-05-26T18:00:00+00:00 [queued]>
[2021-05-27 18:14:21,398] {taskinstance.py:876} INFO - Dependencies all met for <TaskInstance: dag_transfers_scraping.scrape_transfers 2021-05-26T18:00:00+00:00 [queued]>
[2021-05-27 18:14:21,399] {taskinstance.py:1067} INFO - 
--------------------------------------------------------------------------------
[2021-05-27 18:14:21,401] {taskinstance.py:1068} INFO - Starting attempt 1 of 1
[2021-05-27 18:14:21,401] {taskinstance.py:1069} INFO - 
--------------------------------------------------------------------------------
[2021-05-27 18:14:21,414] {taskinstance.py:1087} INFO - Executing <Task(PythonOperator): scrape_transfers> on 2021-05-26T18:00:00+00:00
[2021-05-27 18:14:21,434] {standard_task_runner.py:52} INFO - Started process 97494 to run task
[2021-05-27 18:14:21,455] {standard_task_runner.py:76} INFO - Running: ['***', 'tasks', 'run', 'dag_transfers_scraping', 'scrape_transfers', '2021-05-26T18:00:00+00:00', '--job-id', '127', '--pool', 'default_pool', '--raw', '--subdir', 'DAGS_FOLDER/dag_transfers_scraping.py', '--cfg-path', '/tmp/tmpsjkxl6i9', '--error-file', '/tmp/tmpppb7jl8q']
[2021-05-27 18:14:21,456] {standard_task_runner.py:77} INFO - Job 127: Subtask scrape_transfers
[2021-05-27 18:14:21,527] {logging_mixin.py:104} INFO - Running <TaskInstance: dag_transfers_scraping.scrape_transfers 2021-05-26T18:00:00+00:00 [running]> on host f7393dd572fa
[2021-05-27 18:14:21,595] {taskinstance.py:1282} INFO - Exporting the following env vars:
AIRFLOW_CTX_DAG_OWNER=***
AIRFLOW_CTX_DAG_ID=dag_transfers_scraping
AIRFLOW_CTX_TASK_ID=scrape_transfers
AIRFLOW_CTX_EXECUTION_DATE=2021-05-26T18:00:00+00:00
AIRFLOW_CTX_DAG_RUN_ID=scheduled__2021-05-26T18:00:00+00:00
[2021-05-27 18:14:25,103] {python.py:151} INFO - Done. Returned value was: None
[2021-05-27 18:14:25,115] {taskinstance.py:1191} INFO - Marking task as SUCCESS. dag_id=dag_transfers_scraping, task_id=scrape_transfers, execution_date=20210526T180000, start_date=20210527T181421, end_date=20210527T181425
[2021-05-27 18:14:25,179] {taskinstance.py:1245} INFO - 0 downstream tasks scheduled from follow-on schedule check
[2021-05-27 18:14:25,207] {local_task_job.py:151} INFO - Task exited with return code 0
