[2021-05-27 18:15:01,121] {taskinstance.py:876} INFO - Dependencies all met for <TaskInstance: dag_transfers_scraping.delete_local_CSV_files 2021-05-27T15:00:00+00:00 [queued]>
[2021-05-27 18:15:01,142] {taskinstance.py:876} INFO - Dependencies all met for <TaskInstance: dag_transfers_scraping.delete_local_CSV_files 2021-05-27T15:00:00+00:00 [queued]>
[2021-05-27 18:15:01,142] {taskinstance.py:1067} INFO - 
--------------------------------------------------------------------------------
[2021-05-27 18:15:01,143] {taskinstance.py:1068} INFO - Starting attempt 1 of 1
[2021-05-27 18:15:01,143] {taskinstance.py:1069} INFO - 
--------------------------------------------------------------------------------
[2021-05-27 18:15:01,153] {taskinstance.py:1087} INFO - Executing <Task(PythonOperator): delete_local_CSV_files> on 2021-05-27T15:00:00+00:00
[2021-05-27 18:15:01,160] {standard_task_runner.py:52} INFO - Started process 97843 to run task
[2021-05-27 18:15:01,169] {standard_task_runner.py:76} INFO - Running: ['***', 'tasks', 'run', 'dag_transfers_scraping', 'delete_local_CSV_files', '2021-05-27T15:00:00+00:00', '--job-id', '191', '--pool', 'default_pool', '--raw', '--subdir', 'DAGS_FOLDER/dag_transfers_scraping.py', '--cfg-path', '/tmp/tmp7vg9zv69', '--error-file', '/tmp/tmpg_2tlxfe']
[2021-05-27 18:15:01,174] {standard_task_runner.py:77} INFO - Job 191: Subtask delete_local_CSV_files
[2021-05-27 18:15:01,223] {logging_mixin.py:104} INFO - Running <TaskInstance: dag_transfers_scraping.delete_local_CSV_files 2021-05-27T15:00:00+00:00 [running]> on host f7393dd572fa
[2021-05-27 18:15:01,285] {taskinstance.py:1282} INFO - Exporting the following env vars:
AIRFLOW_CTX_DAG_OWNER=***
AIRFLOW_CTX_DAG_ID=dag_transfers_scraping
AIRFLOW_CTX_TASK_ID=delete_local_CSV_files
AIRFLOW_CTX_EXECUTION_DATE=2021-05-27T15:00:00+00:00
AIRFLOW_CTX_DAG_RUN_ID=scheduled__2021-05-27T15:00:00+00:00
[2021-05-27 18:15:01,286] {python.py:151} INFO - Done. Returned value was: None
[2021-05-27 18:15:01,295] {taskinstance.py:1191} INFO - Marking task as SUCCESS. dag_id=dag_transfers_scraping, task_id=delete_local_CSV_files, execution_date=20210527T150000, start_date=20210527T181501, end_date=20210527T181501
[2021-05-27 18:15:01,321] {taskinstance.py:1245} INFO - 1 downstream tasks scheduled from follow-on schedule check
[2021-05-27 18:15:01,344] {local_task_job.py:151} INFO - Task exited with return code 0
