[2021-05-27 18:14:01,147] {taskinstance.py:876} INFO - Dependencies all met for <TaskInstance: dag_transfers_scraping.delete_local_CSV_files 2021-05-26T10:00:00+00:00 [queued]>
[2021-05-27 18:14:01,185] {taskinstance.py:876} INFO - Dependencies all met for <TaskInstance: dag_transfers_scraping.delete_local_CSV_files 2021-05-26T10:00:00+00:00 [queued]>
[2021-05-27 18:14:01,186] {taskinstance.py:1067} INFO - 
--------------------------------------------------------------------------------
[2021-05-27 18:14:01,186] {taskinstance.py:1068} INFO - Starting attempt 1 of 1
[2021-05-27 18:14:01,187] {taskinstance.py:1069} INFO - 
--------------------------------------------------------------------------------
[2021-05-27 18:14:01,198] {taskinstance.py:1087} INFO - Executing <Task(PythonOperator): delete_local_CSV_files> on 2021-05-26T10:00:00+00:00
[2021-05-27 18:14:01,208] {standard_task_runner.py:52} INFO - Started process 97456 to run task
[2021-05-27 18:14:01,214] {standard_task_runner.py:76} INFO - Running: ['***', 'tasks', 'run', 'dag_transfers_scraping', 'delete_local_CSV_files', '2021-05-26T10:00:00+00:00', '--job-id', '123', '--pool', 'default_pool', '--raw', '--subdir', 'DAGS_FOLDER/dag_transfers_scraping.py', '--cfg-path', '/tmp/tmpe34d0pwu', '--error-file', '/tmp/tmp9zy8c04j']
[2021-05-27 18:14:01,214] {standard_task_runner.py:77} INFO - Job 123: Subtask delete_local_CSV_files
[2021-05-27 18:14:01,270] {logging_mixin.py:104} INFO - Running <TaskInstance: dag_transfers_scraping.delete_local_CSV_files 2021-05-26T10:00:00+00:00 [running]> on host f7393dd572fa
[2021-05-27 18:14:01,326] {taskinstance.py:1282} INFO - Exporting the following env vars:
AIRFLOW_CTX_DAG_OWNER=***
AIRFLOW_CTX_DAG_ID=dag_transfers_scraping
AIRFLOW_CTX_TASK_ID=delete_local_CSV_files
AIRFLOW_CTX_EXECUTION_DATE=2021-05-26T10:00:00+00:00
AIRFLOW_CTX_DAG_RUN_ID=scheduled__2021-05-26T10:00:00+00:00
[2021-05-27 18:14:01,327] {python.py:151} INFO - Done. Returned value was: None
[2021-05-27 18:14:01,336] {taskinstance.py:1191} INFO - Marking task as SUCCESS. dag_id=dag_transfers_scraping, task_id=delete_local_CSV_files, execution_date=20210526T100000, start_date=20210527T181401, end_date=20210527T181401
[2021-05-27 18:14:01,368] {taskinstance.py:1245} INFO - 1 downstream tasks scheduled from follow-on schedule check
[2021-05-27 18:14:01,389] {local_task_job.py:151} INFO - Task exited with return code 0
