[2021-05-27 12:31:24,633] {taskinstance.py:876} INFO - Dependencies all met for <TaskInstance: dag_transfers_scraping.scrape_transfers 2021-05-27T12:31:22.639334+00:00 [queued]>
[2021-05-27 12:31:24,645] {taskinstance.py:876} INFO - Dependencies all met for <TaskInstance: dag_transfers_scraping.scrape_transfers 2021-05-27T12:31:22.639334+00:00 [queued]>
[2021-05-27 12:31:24,645] {taskinstance.py:1067} INFO - 
--------------------------------------------------------------------------------
[2021-05-27 12:31:24,645] {taskinstance.py:1068} INFO - Starting attempt 1 of 1
[2021-05-27 12:31:24,645] {taskinstance.py:1069} INFO - 
--------------------------------------------------------------------------------
[2021-05-27 12:31:24,651] {taskinstance.py:1087} INFO - Executing <Task(PythonOperator): scrape_transfers> on 2021-05-27T12:31:22.639334+00:00
[2021-05-27 12:31:24,657] {standard_task_runner.py:52} INFO - Started process 67447 to run task
[2021-05-27 12:31:24,660] {standard_task_runner.py:76} INFO - Running: ['***', 'tasks', 'run', 'dag_transfers_scraping', 'scrape_transfers', '2021-05-27T12:31:22.639334+00:00', '--job-id', '58', '--pool', 'default_pool', '--raw', '--subdir', 'DAGS_FOLDER/dag_transfers_scraping.py', '--cfg-path', '/tmp/tmpgcv4yz8m', '--error-file', '/tmp/tmpg00le_4p']
[2021-05-27 12:31:24,660] {standard_task_runner.py:77} INFO - Job 58: Subtask scrape_transfers
[2021-05-27 12:31:24,736] {logging_mixin.py:104} INFO - Running <TaskInstance: dag_transfers_scraping.scrape_transfers 2021-05-27T12:31:22.639334+00:00 [running]> on host f7393dd572fa
[2021-05-27 12:31:24,819] {taskinstance.py:1282} INFO - Exporting the following env vars:
AIRFLOW_CTX_DAG_OWNER=***
AIRFLOW_CTX_DAG_ID=dag_transfers_scraping
AIRFLOW_CTX_TASK_ID=scrape_transfers
AIRFLOW_CTX_EXECUTION_DATE=2021-05-27T12:31:22.639334+00:00
AIRFLOW_CTX_DAG_RUN_ID=manual__2021-05-27T12:31:22.639334+00:00
[2021-05-27 12:31:26,859] {python.py:151} INFO - Done. Returned value was: None
[2021-05-27 12:31:26,866] {taskinstance.py:1191} INFO - Marking task as SUCCESS. dag_id=dag_transfers_scraping, task_id=scrape_transfers, execution_date=20210527T123122, start_date=20210527T123124, end_date=20210527T123126
[2021-05-27 12:31:26,917] {taskinstance.py:1245} INFO - 1 downstream tasks scheduled from follow-on schedule check
[2021-05-27 12:31:26,960] {local_task_job.py:151} INFO - Task exited with return code 0
