[2021-05-27 12:31:01,564] {taskinstance.py:876} INFO - Dependencies all met for <TaskInstance: dag_transfers_scraping.send_transfers_file_to_S3 2021-05-27T12:30:54.393794+00:00 [queued]>
[2021-05-27 12:31:01,577] {taskinstance.py:876} INFO - Dependencies all met for <TaskInstance: dag_transfers_scraping.send_transfers_file_to_S3 2021-05-27T12:30:54.393794+00:00 [queued]>
[2021-05-27 12:31:01,577] {taskinstance.py:1067} INFO - 
--------------------------------------------------------------------------------
[2021-05-27 12:31:01,577] {taskinstance.py:1068} INFO - Starting attempt 1 of 1
[2021-05-27 12:31:01,577] {taskinstance.py:1069} INFO - 
--------------------------------------------------------------------------------
[2021-05-27 12:31:01,583] {taskinstance.py:1087} INFO - Executing <Task(PythonOperator): send_transfers_file_to_S3> on 2021-05-27T12:30:54.393794+00:00
[2021-05-27 12:31:01,589] {standard_task_runner.py:52} INFO - Started process 67408 to run task
[2021-05-27 12:31:01,592] {standard_task_runner.py:76} INFO - Running: ['***', 'tasks', 'run', 'dag_transfers_scraping', 'send_transfers_file_to_S3', '2021-05-27T12:30:54.393794+00:00', '--job-id', '56', '--pool', 'default_pool', '--raw', '--subdir', 'DAGS_FOLDER/dag_transfers_scraping.py', '--cfg-path', '/tmp/tmptnqfcwtl', '--error-file', '/tmp/tmpk_76istr']
[2021-05-27 12:31:01,593] {standard_task_runner.py:77} INFO - Job 56: Subtask send_transfers_file_to_S3
[2021-05-27 12:31:01,620] {logging_mixin.py:104} INFO - Running <TaskInstance: dag_transfers_scraping.send_transfers_file_to_S3 2021-05-27T12:30:54.393794+00:00 [running]> on host f7393dd572fa
[2021-05-27 12:31:01,655] {taskinstance.py:1282} INFO - Exporting the following env vars:
AIRFLOW_CTX_DAG_OWNER=***
AIRFLOW_CTX_DAG_ID=dag_transfers_scraping
AIRFLOW_CTX_TASK_ID=send_transfers_file_to_S3
AIRFLOW_CTX_EXECUTION_DATE=2021-05-27T12:30:54.393794+00:00
AIRFLOW_CTX_DAG_RUN_ID=manual__2021-05-27T12:30:54.393794+00:00
[2021-05-27 12:31:01,656] {python.py:151} INFO - Done. Returned value was: None
[2021-05-27 12:31:01,663] {taskinstance.py:1191} INFO - Marking task as SUCCESS. dag_id=dag_transfers_scraping, task_id=send_transfers_file_to_S3, execution_date=20210527T123054, start_date=20210527T123101, end_date=20210527T123101
[2021-05-27 12:31:01,733] {taskinstance.py:1245} INFO - 1 downstream tasks scheduled from follow-on schedule check
[2021-05-27 12:31:01,763] {local_task_job.py:151} INFO - Task exited with return code 0
