[2021-05-27 18:14:54,180] {taskinstance.py:876} INFO - Dependencies all met for <TaskInstance: dag_transfers_scraping.scrape_transfers 2021-05-27T16:00:00+00:00 [queued]>
[2021-05-27 18:14:54,193] {taskinstance.py:876} INFO - Dependencies all met for <TaskInstance: dag_transfers_scraping.scrape_transfers 2021-05-27T16:00:00+00:00 [queued]>
[2021-05-27 18:14:54,193] {taskinstance.py:1067} INFO - 
--------------------------------------------------------------------------------
[2021-05-27 18:14:54,193] {taskinstance.py:1068} INFO - Starting attempt 1 of 1
[2021-05-27 18:14:54,194] {taskinstance.py:1069} INFO - 
--------------------------------------------------------------------------------
[2021-05-27 18:14:54,201] {taskinstance.py:1087} INFO - Executing <Task(PythonOperator): scrape_transfers> on 2021-05-27T16:00:00+00:00
[2021-05-27 18:14:54,206] {standard_task_runner.py:52} INFO - Started process 97758 to run task
[2021-05-27 18:14:54,210] {standard_task_runner.py:76} INFO - Running: ['***', 'tasks', 'run', 'dag_transfers_scraping', 'scrape_transfers', '2021-05-27T16:00:00+00:00', '--job-id', '180', '--pool', 'default_pool', '--raw', '--subdir', 'DAGS_FOLDER/dag_transfers_scraping.py', '--cfg-path', '/tmp/tmpr2m94g1g', '--error-file', '/tmp/tmp_e0_p55g']
[2021-05-27 18:14:54,210] {standard_task_runner.py:77} INFO - Job 180: Subtask scrape_transfers
[2021-05-27 18:14:54,244] {logging_mixin.py:104} INFO - Running <TaskInstance: dag_transfers_scraping.scrape_transfers 2021-05-27T16:00:00+00:00 [running]> on host f7393dd572fa
[2021-05-27 18:14:54,303] {taskinstance.py:1282} INFO - Exporting the following env vars:
AIRFLOW_CTX_DAG_OWNER=***
AIRFLOW_CTX_DAG_ID=dag_transfers_scraping
AIRFLOW_CTX_TASK_ID=scrape_transfers
AIRFLOW_CTX_EXECUTION_DATE=2021-05-27T16:00:00+00:00
AIRFLOW_CTX_DAG_RUN_ID=scheduled__2021-05-27T16:00:00+00:00
[2021-05-27 18:14:56,382] {python.py:151} INFO - Done. Returned value was: None
[2021-05-27 18:14:56,388] {taskinstance.py:1191} INFO - Marking task as SUCCESS. dag_id=dag_transfers_scraping, task_id=scrape_transfers, execution_date=20210527T160000, start_date=20210527T181454, end_date=20210527T181456
[2021-05-27 18:14:56,407] {taskinstance.py:1245} INFO - 1 downstream tasks scheduled from follow-on schedule check
[2021-05-27 18:14:56,427] {local_task_job.py:151} INFO - Task exited with return code 0
