[2021-05-27 18:14:30,632] {taskinstance.py:876} INFO - Dependencies all met for <TaskInstance: dag_transfers_scraping.load_transfers_CSV_to_S3 2021-05-27T05:00:00+00:00 [queued]>
[2021-05-27 18:14:30,673] {taskinstance.py:876} INFO - Dependencies all met for <TaskInstance: dag_transfers_scraping.load_transfers_CSV_to_S3 2021-05-27T05:00:00+00:00 [queued]>
[2021-05-27 18:14:30,673] {taskinstance.py:1067} INFO - 
--------------------------------------------------------------------------------
[2021-05-27 18:14:30,673] {taskinstance.py:1068} INFO - Starting attempt 1 of 1
[2021-05-27 18:14:30,673] {taskinstance.py:1069} INFO - 
--------------------------------------------------------------------------------
[2021-05-27 18:14:30,687] {taskinstance.py:1087} INFO - Executing <Task(PythonOperator): load_transfers_CSV_to_S3> on 2021-05-27T05:00:00+00:00
[2021-05-27 18:14:30,702] {standard_task_runner.py:52} INFO - Started process 97676 to run task
[2021-05-27 18:14:30,709] {standard_task_runner.py:76} INFO - Running: ['***', 'tasks', 'run', 'dag_transfers_scraping', 'load_transfers_CSV_to_S3', '2021-05-27T05:00:00+00:00', '--job-id', '156', '--pool', 'default_pool', '--raw', '--subdir', 'DAGS_FOLDER/dag_transfers_scraping.py', '--cfg-path', '/tmp/tmp6feudfzm', '--error-file', '/tmp/tmpd01f8id8']
[2021-05-27 18:14:30,709] {standard_task_runner.py:77} INFO - Job 156: Subtask load_transfers_CSV_to_S3
[2021-05-27 18:14:30,836] {logging_mixin.py:104} INFO - Running <TaskInstance: dag_transfers_scraping.load_transfers_CSV_to_S3 2021-05-27T05:00:00+00:00 [running]> on host f7393dd572fa
[2021-05-27 18:14:31,025] {taskinstance.py:1282} INFO - Exporting the following env vars:
AIRFLOW_CTX_DAG_OWNER=***
AIRFLOW_CTX_DAG_ID=dag_transfers_scraping
AIRFLOW_CTX_TASK_ID=load_transfers_CSV_to_S3
AIRFLOW_CTX_EXECUTION_DATE=2021-05-27T05:00:00+00:00
AIRFLOW_CTX_DAG_RUN_ID=scheduled__2021-05-27T05:00:00+00:00
[2021-05-27 18:14:31,026] {python.py:151} INFO - Done. Returned value was: None
[2021-05-27 18:14:31,060] {taskinstance.py:1191} INFO - Marking task as SUCCESS. dag_id=dag_transfers_scraping, task_id=load_transfers_CSV_to_S3, execution_date=20210527T050000, start_date=20210527T181430, end_date=20210527T181431
[2021-05-27 18:14:31,159] {taskinstance.py:1245} INFO - 1 downstream tasks scheduled from follow-on schedule check
[2021-05-27 18:14:31,215] {local_task_job.py:151} INFO - Task exited with return code 0
