[2021-05-27 14:48:59,800] {taskinstance.py:876} INFO - Dependencies all met for <TaskInstance: dag_transfers_scraping.scrape_transfers 2021-05-27T14:48:57.647953+00:00 [queued]>
[2021-05-27 14:48:59,819] {taskinstance.py:876} INFO - Dependencies all met for <TaskInstance: dag_transfers_scraping.scrape_transfers 2021-05-27T14:48:57.647953+00:00 [queued]>
[2021-05-27 14:48:59,819] {taskinstance.py:1067} INFO - 
--------------------------------------------------------------------------------
[2021-05-27 14:48:59,819] {taskinstance.py:1068} INFO - Starting attempt 1 of 1
[2021-05-27 14:48:59,819] {taskinstance.py:1069} INFO - 
--------------------------------------------------------------------------------
[2021-05-27 14:48:59,827] {taskinstance.py:1087} INFO - Executing <Task(PythonOperator): scrape_transfers> on 2021-05-27T14:48:57.647953+00:00
[2021-05-27 14:48:59,834] {standard_task_runner.py:52} INFO - Started process 79340 to run task
[2021-05-27 14:48:59,837] {standard_task_runner.py:76} INFO - Running: ['***', 'tasks', 'run', 'dag_transfers_scraping', 'scrape_transfers', '2021-05-27T14:48:57.647953+00:00', '--job-id', '68', '--pool', 'default_pool', '--raw', '--subdir', 'DAGS_FOLDER/dag_transfers_scraping.py', '--cfg-path', '/tmp/tmp13ptvvxv', '--error-file', '/tmp/tmp_wdzq7e3']
[2021-05-27 14:48:59,837] {standard_task_runner.py:77} INFO - Job 68: Subtask scrape_transfers
[2021-05-27 14:48:59,865] {logging_mixin.py:104} INFO - Running <TaskInstance: dag_transfers_scraping.scrape_transfers 2021-05-27T14:48:57.647953+00:00 [running]> on host f7393dd572fa
[2021-05-27 14:48:59,900] {taskinstance.py:1282} INFO - Exporting the following env vars:
AIRFLOW_CTX_DAG_OWNER=***
AIRFLOW_CTX_DAG_ID=dag_transfers_scraping
AIRFLOW_CTX_TASK_ID=scrape_transfers
AIRFLOW_CTX_EXECUTION_DATE=2021-05-27T14:48:57.647953+00:00
AIRFLOW_CTX_DAG_RUN_ID=manual__2021-05-27T14:48:57.647953+00:00
[2021-05-27 14:49:02,659] {python.py:151} INFO - Done. Returned value was: None
[2021-05-27 14:49:02,667] {taskinstance.py:1191} INFO - Marking task as SUCCESS. dag_id=dag_transfers_scraping, task_id=scrape_transfers, execution_date=20210527T144857, start_date=20210527T144859, end_date=20210527T144902
[2021-05-27 14:49:02,686] {taskinstance.py:1245} INFO - 0 downstream tasks scheduled from follow-on schedule check
[2021-05-27 14:49:02,699] {local_task_job.py:151} INFO - Task exited with return code 0
