[2021-05-27 18:12:22,222] {taskinstance.py:876} INFO - Dependencies all met for <TaskInstance: dag_transfers_scraping.load_transfers_CSV_to_S3 2021-05-26T00:00:00+00:00 [queued]>
[2021-05-27 18:12:22,234] {taskinstance.py:876} INFO - Dependencies all met for <TaskInstance: dag_transfers_scraping.load_transfers_CSV_to_S3 2021-05-26T00:00:00+00:00 [queued]>
[2021-05-27 18:12:22,234] {taskinstance.py:1067} INFO - 
--------------------------------------------------------------------------------
[2021-05-27 18:12:22,234] {taskinstance.py:1068} INFO - Starting attempt 1 of 1
[2021-05-27 18:12:22,234] {taskinstance.py:1069} INFO - 
--------------------------------------------------------------------------------
[2021-05-27 18:12:22,241] {taskinstance.py:1087} INFO - Executing <Task(PythonOperator): load_transfers_CSV_to_S3> on 2021-05-26T00:00:00+00:00
[2021-05-27 18:12:22,246] {standard_task_runner.py:52} INFO - Started process 97111 to run task
[2021-05-27 18:12:22,249] {standard_task_runner.py:76} INFO - Running: ['***', 'tasks', 'run', 'dag_transfers_scraping', 'load_transfers_CSV_to_S3', '2021-05-26T00:00:00+00:00', '--job-id', '78', '--pool', 'default_pool', '--raw', '--subdir', 'DAGS_FOLDER/dag_transfers_scraping.py', '--cfg-path', '/tmp/tmpw5wu_ef4', '--error-file', '/tmp/tmpqnbsff_b']
[2021-05-27 18:12:22,250] {standard_task_runner.py:77} INFO - Job 78: Subtask load_transfers_CSV_to_S3
[2021-05-27 18:12:22,279] {logging_mixin.py:104} INFO - Running <TaskInstance: dag_transfers_scraping.load_transfers_CSV_to_S3 2021-05-26T00:00:00+00:00 [running]> on host f7393dd572fa
[2021-05-27 18:12:22,315] {taskinstance.py:1282} INFO - Exporting the following env vars:
AIRFLOW_CTX_DAG_OWNER=***
AIRFLOW_CTX_DAG_ID=dag_transfers_scraping
AIRFLOW_CTX_TASK_ID=load_transfers_CSV_to_S3
AIRFLOW_CTX_EXECUTION_DATE=2021-05-26T00:00:00+00:00
AIRFLOW_CTX_DAG_RUN_ID=scheduled__2021-05-26T00:00:00+00:00
[2021-05-27 18:12:22,316] {base_aws.py:368} INFO - Airflow Connection: aws_conn_id=aws_s3_***_user
[2021-05-27 18:12:22,322] {base_aws.py:170} INFO - Credentials retrieved from extra_config
[2021-05-27 18:12:22,322] {base_aws.py:87} INFO - Creating session with aws_access_key_id=AKIAZP4IG4HNCZJ3LJDL region_name=None
[2021-05-27 18:12:22,334] {base_aws.py:157} INFO - role_arn is None
[2021-05-27 18:12:23,307] {python.py:151} INFO - Done. Returned value was: None
[2021-05-27 18:12:23,330] {taskinstance.py:1191} INFO - Marking task as SUCCESS. dag_id=dag_transfers_scraping, task_id=load_transfers_CSV_to_S3, execution_date=20210526T000000, start_date=20210527T181222, end_date=20210527T181223
[2021-05-27 18:12:23,391] {taskinstance.py:1245} INFO - 1 downstream tasks scheduled from follow-on schedule check
[2021-05-27 18:12:23,425] {local_task_job.py:151} INFO - Task exited with return code 0
