[2021-05-27 12:31:02,877] {taskinstance.py:876} INFO - Dependencies all met for <TaskInstance: dag_transfers_scraping.remove_local_transfers_file 2021-05-27T12:30:54.393794+00:00 [queued]>
[2021-05-27 12:31:02,889] {taskinstance.py:876} INFO - Dependencies all met for <TaskInstance: dag_transfers_scraping.remove_local_transfers_file 2021-05-27T12:30:54.393794+00:00 [queued]>
[2021-05-27 12:31:02,889] {taskinstance.py:1067} INFO - 
--------------------------------------------------------------------------------
[2021-05-27 12:31:02,889] {taskinstance.py:1068} INFO - Starting attempt 1 of 1
[2021-05-27 12:31:02,889] {taskinstance.py:1069} INFO - 
--------------------------------------------------------------------------------
[2021-05-27 12:31:02,895] {taskinstance.py:1087} INFO - Executing <Task(PythonOperator): remove_local_transfers_file> on 2021-05-27T12:30:54.393794+00:00
[2021-05-27 12:31:02,901] {standard_task_runner.py:52} INFO - Started process 67410 to run task
[2021-05-27 12:31:02,904] {standard_task_runner.py:76} INFO - Running: ['***', 'tasks', 'run', 'dag_transfers_scraping', 'remove_local_transfers_file', '2021-05-27T12:30:54.393794+00:00', '--job-id', '57', '--pool', 'default_pool', '--raw', '--subdir', 'DAGS_FOLDER/dag_transfers_scraping.py', '--cfg-path', '/tmp/tmp4uugtw25', '--error-file', '/tmp/tmped1_4c3m']
[2021-05-27 12:31:02,904] {standard_task_runner.py:77} INFO - Job 57: Subtask remove_local_transfers_file
[2021-05-27 12:31:02,933] {logging_mixin.py:104} INFO - Running <TaskInstance: dag_transfers_scraping.remove_local_transfers_file 2021-05-27T12:30:54.393794+00:00 [running]> on host f7393dd572fa
[2021-05-27 12:31:03,015] {taskinstance.py:1282} INFO - Exporting the following env vars:
AIRFLOW_CTX_DAG_OWNER=***
AIRFLOW_CTX_DAG_ID=dag_transfers_scraping
AIRFLOW_CTX_TASK_ID=remove_local_transfers_file
AIRFLOW_CTX_EXECUTION_DATE=2021-05-27T12:30:54.393794+00:00
AIRFLOW_CTX_DAG_RUN_ID=manual__2021-05-27T12:30:54.393794+00:00
[2021-05-27 12:31:03,018] {python.py:151} INFO - Done. Returned value was: None
[2021-05-27 12:31:03,033] {taskinstance.py:1191} INFO - Marking task as SUCCESS. dag_id=dag_transfers_scraping, task_id=remove_local_transfers_file, execution_date=20210527T123054, start_date=20210527T123102, end_date=20210527T123103
[2021-05-27 12:31:03,061] {taskinstance.py:1245} INFO - 1 downstream tasks scheduled from follow-on schedule check
[2021-05-27 12:31:03,075] {local_task_job.py:151} INFO - Task exited with return code 0
