[2021-05-27 14:53:15,816] {taskinstance.py:876} INFO - Dependencies all met for <TaskInstance: dag_transfers_scraping.scrape_transfers 2021-05-27T14:53:14.059599+00:00 [queued]>
[2021-05-27 14:53:15,828] {taskinstance.py:876} INFO - Dependencies all met for <TaskInstance: dag_transfers_scraping.scrape_transfers 2021-05-27T14:53:14.059599+00:00 [queued]>
[2021-05-27 14:53:15,828] {taskinstance.py:1067} INFO - 
--------------------------------------------------------------------------------
[2021-05-27 14:53:15,828] {taskinstance.py:1068} INFO - Starting attempt 1 of 1
[2021-05-27 14:53:15,828] {taskinstance.py:1069} INFO - 
--------------------------------------------------------------------------------
[2021-05-27 14:53:15,834] {taskinstance.py:1087} INFO - Executing <Task(PythonOperator): scrape_transfers> on 2021-05-27T14:53:14.059599+00:00
[2021-05-27 14:53:15,839] {standard_task_runner.py:52} INFO - Started process 79712 to run task
[2021-05-27 14:53:15,842] {standard_task_runner.py:76} INFO - Running: ['***', 'tasks', 'run', 'dag_transfers_scraping', 'scrape_transfers', '2021-05-27T14:53:14.059599+00:00', '--job-id', '71', '--pool', 'default_pool', '--raw', '--subdir', 'DAGS_FOLDER/dag_transfers_scraping.py', '--cfg-path', '/tmp/tmpdpvol_34', '--error-file', '/tmp/tmp44lukik4']
[2021-05-27 14:53:15,842] {standard_task_runner.py:77} INFO - Job 71: Subtask scrape_transfers
[2021-05-27 14:53:15,871] {logging_mixin.py:104} INFO - Running <TaskInstance: dag_transfers_scraping.scrape_transfers 2021-05-27T14:53:14.059599+00:00 [running]> on host f7393dd572fa
[2021-05-27 14:53:15,905] {taskinstance.py:1282} INFO - Exporting the following env vars:
AIRFLOW_CTX_DAG_OWNER=***
AIRFLOW_CTX_DAG_ID=dag_transfers_scraping
AIRFLOW_CTX_TASK_ID=scrape_transfers
AIRFLOW_CTX_EXECUTION_DATE=2021-05-27T14:53:14.059599+00:00
AIRFLOW_CTX_DAG_RUN_ID=manual__2021-05-27T14:53:14.059599+00:00
[2021-05-27 14:53:17,992] {python.py:151} INFO - Done. Returned value was: None
[2021-05-27 14:53:17,999] {taskinstance.py:1191} INFO - Marking task as SUCCESS. dag_id=dag_transfers_scraping, task_id=scrape_transfers, execution_date=20210527T145314, start_date=20210527T145315, end_date=20210527T145317
[2021-05-27 14:53:18,027] {taskinstance.py:1245} INFO - 1 downstream tasks scheduled from follow-on schedule check
[2021-05-27 14:53:18,059] {local_task_job.py:151} INFO - Task exited with return code 0
