[2021-05-27 18:14:01,008] {taskinstance.py:876} INFO - Dependencies all met for <TaskInstance: dag_transfers_scraping.delete_local_CSV_files 2021-05-26T12:00:00+00:00 [queued]>
[2021-05-27 18:14:01,029] {taskinstance.py:876} INFO - Dependencies all met for <TaskInstance: dag_transfers_scraping.delete_local_CSV_files 2021-05-26T12:00:00+00:00 [queued]>
[2021-05-27 18:14:01,029] {taskinstance.py:1067} INFO - 
--------------------------------------------------------------------------------
[2021-05-27 18:14:01,029] {taskinstance.py:1068} INFO - Starting attempt 1 of 1
[2021-05-27 18:14:01,029] {taskinstance.py:1069} INFO - 
--------------------------------------------------------------------------------
[2021-05-27 18:14:01,038] {taskinstance.py:1087} INFO - Executing <Task(PythonOperator): delete_local_CSV_files> on 2021-05-26T12:00:00+00:00
[2021-05-27 18:14:01,045] {standard_task_runner.py:52} INFO - Started process 97453 to run task
[2021-05-27 18:14:01,049] {standard_task_runner.py:76} INFO - Running: ['***', 'tasks', 'run', 'dag_transfers_scraping', 'delete_local_CSV_files', '2021-05-26T12:00:00+00:00', '--job-id', '121', '--pool', 'default_pool', '--raw', '--subdir', 'DAGS_FOLDER/dag_transfers_scraping.py', '--cfg-path', '/tmp/tmpkb7ijacy', '--error-file', '/tmp/tmpuma79pf2']
[2021-05-27 18:14:01,049] {standard_task_runner.py:77} INFO - Job 121: Subtask delete_local_CSV_files
[2021-05-27 18:14:01,112] {logging_mixin.py:104} INFO - Running <TaskInstance: dag_transfers_scraping.delete_local_CSV_files 2021-05-26T12:00:00+00:00 [running]> on host f7393dd572fa
[2021-05-27 18:14:01,202] {taskinstance.py:1282} INFO - Exporting the following env vars:
AIRFLOW_CTX_DAG_OWNER=***
AIRFLOW_CTX_DAG_ID=dag_transfers_scraping
AIRFLOW_CTX_TASK_ID=delete_local_CSV_files
AIRFLOW_CTX_EXECUTION_DATE=2021-05-26T12:00:00+00:00
AIRFLOW_CTX_DAG_RUN_ID=scheduled__2021-05-26T12:00:00+00:00
[2021-05-27 18:14:01,203] {python.py:151} INFO - Done. Returned value was: None
[2021-05-27 18:14:01,223] {taskinstance.py:1191} INFO - Marking task as SUCCESS. dag_id=dag_transfers_scraping, task_id=delete_local_CSV_files, execution_date=20210526T120000, start_date=20210527T181401, end_date=20210527T181401
[2021-05-27 18:14:01,267] {taskinstance.py:1245} INFO - 1 downstream tasks scheduled from follow-on schedule check
[2021-05-27 18:14:01,303] {local_task_job.py:151} INFO - Task exited with return code 0
