[2021-05-27 14:49:05,210] {taskinstance.py:876} INFO - Dependencies all met for <TaskInstance: dag_transfers_scraping.remove_local_transfers_file 2021-05-27T14:48:57.647953+00:00 [queued]>
[2021-05-27 14:49:05,222] {taskinstance.py:876} INFO - Dependencies all met for <TaskInstance: dag_transfers_scraping.remove_local_transfers_file 2021-05-27T14:48:57.647953+00:00 [queued]>
[2021-05-27 14:49:05,222] {taskinstance.py:1067} INFO - 
--------------------------------------------------------------------------------
[2021-05-27 14:49:05,222] {taskinstance.py:1068} INFO - Starting attempt 1 of 1
[2021-05-27 14:49:05,222] {taskinstance.py:1069} INFO - 
--------------------------------------------------------------------------------
[2021-05-27 14:49:05,228] {taskinstance.py:1087} INFO - Executing <Task(PythonOperator): remove_local_transfers_file> on 2021-05-27T14:48:57.647953+00:00
[2021-05-27 14:49:05,234] {standard_task_runner.py:52} INFO - Started process 79346 to run task
[2021-05-27 14:49:05,237] {standard_task_runner.py:76} INFO - Running: ['***', 'tasks', 'run', 'dag_transfers_scraping', 'remove_local_transfers_file', '2021-05-27T14:48:57.647953+00:00', '--job-id', '70', '--pool', 'default_pool', '--raw', '--subdir', 'DAGS_FOLDER/dag_transfers_scraping.py', '--cfg-path', '/tmp/tmpwttle964', '--error-file', '/tmp/tmp5vd5uquy']
[2021-05-27 14:49:05,237] {standard_task_runner.py:77} INFO - Job 70: Subtask remove_local_transfers_file
[2021-05-27 14:49:05,265] {logging_mixin.py:104} INFO - Running <TaskInstance: dag_transfers_scraping.remove_local_transfers_file 2021-05-27T14:48:57.647953+00:00 [running]> on host f7393dd572fa
[2021-05-27 14:49:05,299] {taskinstance.py:1282} INFO - Exporting the following env vars:
AIRFLOW_CTX_DAG_OWNER=***
AIRFLOW_CTX_DAG_ID=dag_transfers_scraping
AIRFLOW_CTX_TASK_ID=remove_local_transfers_file
AIRFLOW_CTX_EXECUTION_DATE=2021-05-27T14:48:57.647953+00:00
AIRFLOW_CTX_DAG_RUN_ID=manual__2021-05-27T14:48:57.647953+00:00
[2021-05-27 14:49:05,300] {python.py:151} INFO - Done. Returned value was: None
[2021-05-27 14:49:05,307] {taskinstance.py:1191} INFO - Marking task as SUCCESS. dag_id=dag_transfers_scraping, task_id=remove_local_transfers_file, execution_date=20210527T144857, start_date=20210527T144905, end_date=20210527T144905
[2021-05-27 14:49:05,327] {taskinstance.py:1245} INFO - 1 downstream tasks scheduled from follow-on schedule check
[2021-05-27 14:49:05,367] {local_task_job.py:151} INFO - Task exited with return code 0
